Arguments: 
  /usr/local/bin/node /usr/local/Cellar/yarn/1.22.4/libexec/bin/yarn.js add i18next i18next-xhr-backend i18next-browser-languagedetector reacti18next --save

PATH: 
  /usr/local/bin:/usr/bin:/bin:/usr/sbin:/sbin

Yarn version: 
  1.22.4

Node version: 
  12.18.3

Platform: 
  darwin x64

Trace: 
  Error: https://registry.yarnpkg.com/reacti18next: Not found
      at Request.params.callback [as _callback] (/usr/local/Cellar/yarn/1.22.4/libexec/lib/cli.js:66987:18)
      at Request.self.callback (/usr/local/Cellar/yarn/1.22.4/libexec/lib/cli.js:140748:22)
      at Request.emit (events.js:315:20)
      at Request.<anonymous> (/usr/local/Cellar/yarn/1.22.4/libexec/lib/cli.js:141720:10)
      at Request.emit (events.js:315:20)
      at IncomingMessage.<anonymous> (/usr/local/Cellar/yarn/1.22.4/libexec/lib/cli.js:141642:12)
      at Object.onceWrapper (events.js:421:28)
      at IncomingMessage.emit (events.js:327:22)
      at endReadableNT (_stream_readable.js:1220:12)
      at processTicksAndRejections (internal/process/task_queues.js:84:21)

npm manifest: 
  {
    "name": "go-to-eat",
    "version": "1.0.0",
    "main": "index.js",
    "repository": "https://github.com/Pizza-Team/go-to-eat.git",
    "author": "team-pizza",
    "license": "MIT",
    "dependencies": {
      "i18next": "^19.7.0",
      "react-i18next": "^11.7.2"
    }
  }

yarn manifest: 
  No manifest

Lockfile: 
  # THIS IS AN AUTOGENERATED FILE. DO NOT EDIT THIS FILE DIRECTLY.
  # yarn lockfile v1
  
  
  "@babel/runtime@^7.10.1", "@babel/runtime@^7.3.1":
    version "7.11.2"
    resolved "https://registry.yarnpkg.com/@babel/runtime/-/runtime-7.11.2.tgz#f549c13c754cc40b87644b9fa9f09a6a95fe0736"
    integrity sha512-TeWkU52so0mPtDcaCTxNBI/IHiz0pZgr8VEFqXFtZWpYD08ZB6FaSwVAS8MKRQAP3bYKiVjwysOJgMFY28o6Tw==
    dependencies:
      regenerator-runtime "^0.13.4"
  
  html-parse-stringify2@2.0.1:
    version "2.0.1"
    resolved "https://registry.yarnpkg.com/html-parse-stringify2/-/html-parse-stringify2-2.0.1.tgz#dc5670b7292ca158b7bc916c9a6735ac8872834a"
    integrity sha1-3FZwtyksoVi3vJFsmmc1rIhyg0o=
    dependencies:
      void-elements "^2.0.1"
  
  i18next@^19.7.0:
    version "19.7.0"
    resolved "https://registry.yarnpkg.com/i18next/-/i18next-19.7.0.tgz#e637bbbf36481d34b7d5e6d3b04e1bb654bf2a26"
    integrity sha512-sxZhj6u7HbEYOMx81oGwq5MiXISRBVg2wRY3n6YIbe+HtU8ydzlGzv6ErHdrRKYxATBFssVXYbc3lNZoyB4vfA==
    dependencies:
      "@babel/runtime" "^7.10.1"
  
  react-i18next@^11.7.2:
    version "11.7.2"
    resolved "https://registry.yarnpkg.com/react-i18next/-/react-i18next-11.7.2.tgz#b3cb94ad3b85c25e3d4802a141139d65238b976f"
    integrity sha512-Djj3K3hh5Tecla2CI9rLO3TZBYGMFrGilm0JY4cLofAQONCi5TK6nVmUPKoB59n1ZffgjfgJt6zlbE9aGF6Q0Q==
    dependencies:
      "@babel/runtime" "^7.3.1"
      html-parse-stringify2 "2.0.1"
  
  regenerator-runtime@^0.13.4:
    version "0.13.7"
    resolved "https://registry.yarnpkg.com/regenerator-runtime/-/regenerator-runtime-0.13.7.tgz#cac2dacc8a1ea675feaabaeb8ae833898ae46f55"
    integrity sha512-a54FxoJDIr27pgf7IgeQGxmqUNYrcV338lf/6gH456HZ/PhX+5BcwHXG9ajESmwe6WRO0tAzRUrRmNONWgkrew==
  
  void-elements@^2.0.1:
    version "2.0.1"
    resolved "https://registry.yarnpkg.com/void-elements/-/void-elements-2.0.1.tgz#c066afb582bb1cb4128d60ea92392e94d5e9dbec"
    integrity sha1-wGavtYK7HLQSjWDqkjkulNXp2+w=
